#
# There is insufficient memory for the Java Runtime Environment to continue.
# Cannot create GC thread. Out of system resources.
# Possible reasons:
#   The system is out of physical RAM or swap space
#   In 32 bit mode, the process size limit was hit
# Possible solutions:
#   Reduce memory load on the system
#   Increase physical memory or swap space
#   Check if swap backing store is full
#   Use 64 bit Java on a 64 bit OS
#   Decrease Java heap size (-Xmx/-Xms)
#   Decrease number of Java threads
#   Decrease Java thread stack sizes (-Xss)
#   Set larger code cache with -XX:ReservedCodeCacheSize=
# This output file may be truncated or incomplete.
#
#  Out of Memory Error (gcTaskThread.cpp:46), pid=29394, tid=139974795687744
#
# JRE version: 7.0_25-b30
# Java VM: OpenJDK 64-Bit Server VM (23.7-b01 mixed mode linux-amd64 compressed oops)
# Failed to write core dump. Core dumps have been disabled. To enable core dumping, try "ulimit -c unlimited" before starting Java again
#

---------------  T H R E A D  ---------------

Current thread (0x0000000001b3a000):  JavaThread "Unknown thread" [_thread_in_vm, id=29394, stack(0x00007fff6e373000,0x00007fff6e473000)]

Stack: [0x00007fff6e373000,0x00007fff6e473000],  sp=0x00007fff6e46c8a0,  free space=998k
Native frames: (J=compiled Java code, j=interpreted, Vv=VM code, C=native code)
V  [libjvm.so+0x87092b]  VMError::report_and_die()+0x16b
V  [libjvm.so+0x3edc34]  report_vm_out_of_memory(char const*, int, unsigned long, char const*)+0x74
V  [libjvm.so+0x495f5a]  GCTaskThread::GCTaskThread(GCTaskManager*, unsigned int, unsigned int)+0xda
V  [libjvm.so+0x4957cd]  GCTaskManager::initialize()+0x25d
V  [libjvm.so+0x72a045]  ParallelScavengeHeap::initialize()+0x735
V  [libjvm.so+0x846865]  Universe::initialize_heap()+0xc5
V  [libjvm.so+0x846b7f]  universe_init()+0x6f
V  [libjvm.so+0x4e5625]  init_globals()+0x55
V  [libjvm.so+0x82d702]  Threads::create_vm(JavaVMInitArgs*, bool*)+0x3a2
V  [libjvm.so+0x54e7fd]  JNI_CreateJavaVM+0x4d
C  [libjli.so+0x2b18]  __strcat_chk+0x2b18
C  [libjli.so+0x9829]  JLI_GetStdArgc+0xdd9
C  [libjli.so+0x44c7]  __strcat_chk+0x44c7
C  [libjli.so+0x5014]  JLI_Launch+0xa04
C  [java+0x695]  __libc_start_main+0x695


---------------  P R O C E S S  ---------------

Java Threads: ( => current thread )

Other Threads:

=>0x0000000001b3a000 (exited) JavaThread "Unknown thread" [_thread_in_vm, id=29394, stack(0x00007fff6e373000,0x00007fff6e473000)]

VM state:not at safepoint (not fully initialized)

VM Mutex/Monitor currently owned by a thread: None

GC Heap History (0 events):
No events

Deoptimization events (0 events):
No events

Internal exceptions (0 events):
No events

Events (0 events):
No events


Dynamic libraries:
00400000-00401000 r-xp 00000000 08:03 265320                             /usr/lib/jvm/java-7-openjdk-amd64/jre/bin/java
00600000-00601000 r--p 00000000 08:03 265320                             /usr/lib/jvm/java-7-openjdk-amd64/jre/bin/java
00601000-00602000 rw-p 00001000 08:03 265320                             /usr/lib/jvm/java-7-openjdk-amd64/jre/bin/java
01b2a000-01b6d000 rw-p 00000000 00:00 0                                  [heap]
bce00000-be2c0000 rw-p 00000000 00:00 0 
be2c0000-c7400000 rw-p 00000000 00:00 0 
c7400000-c99e0000 rw-p 00000000 00:00 0 
c99e0000-ed160000 rw-p 00000000 00:00 0 
ed160000-ee440000 rw-p 00000000 00:00 0 
ee440000-100000000 rw-p 00000000 00:00 0 
7f4e64d16000-7f4e64f1a000 rw-p 00000000 00:00 0 
7f4e64f1a000-7f4e64f62000 rw-p 00000000 00:00 0 
7f4e64f62000-7f4e64f75000 rw-p 00000000 00:00 0 
7f4e64f75000-7f4e65091000 rw-p 00000000 00:00 0 
7f4e65091000-7f4e6509c000 rw-p 00000000 00:00 0 
7f4e6509c000-7f4e650e4000 rw-p 00000000 00:00 0 
7f4e650e4000-7f4e650f7000 rw-p 00000000 00:00 0 
7f4e650f7000-7f4e65212000 rw-p 00000000 00:00 0 
7f4e65212000-7f4e6521d000 rw-p 00000000 00:00 0 
7f4e6521d000-7f4e652aa000 rw-p 00000000 00:00 0 
7f4e652aa000-7f4e652ab000 rw-p 00000000 00:00 0 
7f4e652ab000-7f4e6551b000 rwxp 00000000 00:00 0 
7f4e6551b000-7f4e682ab000 rw-p 00000000 00:00 0 
7f4e682ab000-7f4e682b3000 r-xp 00000000 08:03 265406                     /usr/lib/jvm/java-7-openjdk-amd64/jre/lib/amd64/libzip.so
7f4e682b3000-7f4e684b2000 ---p 00008000 08:03 265406                     /usr/lib/jvm/java-7-openjdk-amd64/jre/lib/amd64/libzip.so
7f4e684b2000-7f4e684b3000 r--p 00007000 08:03 265406                     /usr/lib/jvm/java-7-openjdk-amd64/jre/lib/amd64/libzip.so
7f4e684b3000-7f4e684b4000 rw-p 00008000 08:03 265406                     /usr/lib/jvm/java-7-openjdk-amd64/jre/lib/amd64/libzip.so
7f4e684b4000-7f4e684b7000 r-xp 00000000 08:03 1972332                    /opt/pbis/lib/libuuid.so.0.0.0
7f4e684b7000-7f4e685b6000 ---p 00003000 08:03 1972332                    /opt/pbis/lib/libuuid.so.0.0.0
7f4e685b6000-7f4e685b7000 rw-p 00002000 08:03 1972332                    /opt/pbis/lib/libuuid.so.0.0.0
7f4e685b7000-7f4e68643000 r-xp 00000000 08:03 1972328                    /opt/pbis/lib/liblwbase_nothr.so.0.0.0
7f4e68643000-7f4e68742000 ---p 0008c000 08:03 1972328                    /opt/pbis/lib/liblwbase_nothr.so.0.0.0
7f4e68742000-7f4e6876e000 rw-p 0008b000 08:03 1972328                    /opt/pbis/lib/liblwbase_nothr.so.0.0.0
7f4e6876e000-7f4e68770000 rw-p 00000000 00:00 0 
7f4e68770000-7f4e68795000 r-xp 00000000 08:03 1972356                    /opt/pbis/lib/liblsacommon.so.0.0.0
7f4e68795000-7f4e68895000 ---p 00025000 08:03 1972356                    /opt/pbis/lib/liblsacommon.so.0.0.0
7f4e68895000-7f4e688a1000 rw-p 00025000 08:03 1972356                    /opt/pbis/lib/liblsacommon.so.0.0.0
7f4e688a1000-7f4e688ca000 r-xp 00000000 08:03 1972363                    /opt/pbis/lib/liblwadvapi_nothr.so.0.0.0
7f4e688ca000-7f4e689ca000 ---p 00029000 08:03 1972363                    /opt/pbis/lib/liblwadvapi_nothr.so.0.0.0
7f4e689ca000-7f4e689d2000 rw-p 00029000 08:03 1972363                    /opt/pbis/lib/liblwadvapi_nothr.so.0.0.0
7f4e689d2000-7f4e689f0000 r-xp 00000000 08:03 1972324                    /opt/pbis/lib/liblwmsg_nothr.so.0.0.0
7f4e689f0000-7f4e68aef000 ---p 0001e000 08:03 1972324                    /opt/pbis/lib/liblwmsg_nothr.so.0.0.0
7f4e68aef000-7f4e68af2000 rw-p 0001d000 08:03 1972324                    /opt/pbis/lib/liblwmsg_nothr.so.0.0.0
7f4e68af2000-7f4e68af5000 r-xp 00000000 08:03 1972299                    /opt/pbis/lib/liblsaauth.so.0.0.0
7f4e68af5000-7f4e68bf4000 ---p 00003000 08:03 1972299                    /opt/pbis/lib/liblsaauth.so.0.0.0
7f4e68bf4000-7f4e68bf5000 rw-p 00002000 08:03 1972299                    /opt/pbis/lib/liblsaauth.so.0.0.0
7f4e68bf5000-7f4e68c11000 r-xp 00000000 08:03 1972369                    /opt/pbis/lib/liblsaclient.so.0.0.0
7f4e68c11000-7f4e68d11000 ---p 0001c000 08:03 1972369                    /opt/pbis/lib/liblsaclient.so.0.0.0
7f4e68d11000-7f4e68d12000 rw-p 0001c000 08:03 1972369                    /opt/pbis/lib/liblsaclient.so.0.0.0
7f4e68d12000-7f4e68d17000 r-xp 00000000 08:03 949762                     /lib/libnss_lsass.so.2
7f4e68d17000-7f4e68e17000 ---p 00005000 08:03 949762                     /lib/libnss_lsass.so.2
7f4e68e17000-7f4e68e18000 rw-p 00005000 08:03 949762                     /lib/libnss_lsass.so.2
7f4e68e18000-7f4e68e24000 r-xp 00000000 08:03 923531                     /lib/x86_64-linux-gnu/libnss_files-2.17.so
7f4e68e24000-7f4e69023000 ---p 0000c000 08:03 923531                     /lib/x86_64-linux-gnu/libnss_files-2.17.so
7f4e69023000-7f4e69024000 r--p 0000b000 08:03 923531                     /lib/x86_64-linux-gnu/libnss_files-2.17.so
7f4e69024000-7f4e69025000 rw-p 0000c000 08:03 923531                     /lib/x86_64-linux-gnu/libnss_files-2.17.so
7f4e69025000-7f4e69030000 r-xp 00000000 08:03 923535                     /lib/x86_64-linux-gnu/libnss_nis-2.17.so
7f4e69030000-7f4e6922f000 ---p 0000b000 08:03 923535                     /lib/x86_64-linux-gnu/libnss_nis-2.17.so
7f4e6922f000-7f4e69230000 r--p 0000a000 08:03 923535                     /lib/x86_64-linux-gnu/libnss_nis-2.17.so
7f4e69230000-7f4e69231000 rw-p 0000b000 08:03 923535                     /lib/x86_64-linux-gnu/libnss_nis-2.17.so
7f4e69231000-7f4e69248000 r-xp 00000000 08:03 923525                     /lib/x86_64-linux-gnu/libnsl-2.17.so
7f4e69248000-7f4e69447000 ---p 00017000 08:03 923525                     /lib/x86_64-linux-gnu/libnsl-2.17.so
7f4e69447000-7f4e69448000 r--p 00016000 08:03 923525                     /lib/x86_64-linux-gnu/libnsl-2.17.so
7f4e69448000-7f4e69449000 rw-p 00017000 08:03 923525                     /lib/x86_64-linux-gnu/libnsl-2.17.so
7f4e69449000-7f4e6944b000 rw-p 00000000 00:00 0 
7f4e6944b000-7f4e69453000 r-xp 00000000 08:03 923527                     /lib/x86_64-linux-gnu/libnss_compat-2.17.so
7f4e69453000-7f4e69652000 ---p 00008000 08:03 923527                     /lib/x86_64-linux-gnu/libnss_compat-2.17.so
7f4e69652000-7f4e69653000 r--p 00007000 08:03 923527                     /lib/x86_64-linux-gnu/libnss_compat-2.17.so
7f4e69653000-7f4e69654000 rw-p 00008000 08:03 923527                     /lib/x86_64-linux-gnu/libnss_compat-2.17.so
7f4e69654000-7f4e6967f000 r-xp 00000000 08:03 265384                     /usr/lib/jvm/java-7-openjdk-amd64/jre/lib/amd64/libjava.so
7f4e6967f000-7f4e6987e000 ---p 0002b000 08:03 265384                     /usr/lib/jvm/java-7-openjdk-amd64/jre/lib/amd64/libjava.so
7f4e6987e000-7f4e6987f000 r--p 0002a000 08:03 265384                     /usr/lib/jvm/java-7-openjdk-amd64/jre/lib/amd64/libjava.so
7f4e6987f000-7f4e69881000 rw-p 0002b000 08:03 265384                     /usr/lib/jvm/java-7-openjdk-amd64/jre/lib/amd64/libjava.so
7f4e69881000-7f4e69891000 r-xp 00000000 08:03 265405                     /usr/lib/jvm/java-7-openjdk-amd64/jre/lib/amd64/libverify.so
7f4e69891000-7f4e69a90000 ---p 00010000 08:03 265405                     /usr/lib/jvm/java-7-openjdk-amd64/jre/lib/amd64/libverify.so
7f4e69a90000-7f4e69a92000 r--p 0000f000 08:03 265405                     /usr/lib/jvm/java-7-openjdk-amd64/jre/lib/amd64/libverify.so
7f4e69a92000-7f4e69a93000 rw-p 00011000 08:03 265405                     /usr/lib/jvm/java-7-openjdk-amd64/jre/lib/amd64/libverify.so
7f4e69a93000-7f4e69a9a000 r-xp 00000000 08:03 923578                     /lib/x86_64-linux-gnu/librt-2.17.so
7f4e69a9a000-7f4e69c99000 ---p 00007000 08:03 923578                     /lib/x86_64-linux-gnu/librt-2.17.so
7f4e69c99000-7f4e69c9a000 r--p 00006000 08:03 923578                     /lib/x86_64-linux-gnu/librt-2.17.so
7f4e69c9a000-7f4e69c9b000 rw-p 00007000 08:03 923578                     /lib/x86_64-linux-gnu/librt-2.17.so
7f4e69c9b000-7f4e69cb0000 r-xp 00000000 08:03 950070                     /lib/x86_64-linux-gnu/libgcc_s.so.1
7f4e69cb0000-7f4e69eaf000 ---p 00015000 08:03 950070                     /lib/x86_64-linux-gnu/libgcc_s.so.1
7f4e69eaf000-7f4e69eb0000 r--p 00014000 08:03 950070                     /lib/x86_64-linux-gnu/libgcc_s.so.1
7f4e69eb0000-7f4e69eb1000 rw-p 00015000 08:03 950070                     /lib/x86_64-linux-gnu/libgcc_s.so.1
7f4e69eb1000-7f4e69fb4000 r-xp 00000000 08:03 923506                     /lib/x86_64-linux-gnu/libm-2.17.so
7f4e69fb4000-7f4e6a1b3000 ---p 00103000 08:03 923506                     /lib/x86_64-linux-gnu/libm-2.17.so
7f4e6a1b3000-7f4e6a1b4000 r--p 00102000 08:03 923506                     /lib/x86_64-linux-gnu/libm-2.17.so
7f4e6a1b4000-7f4e6a1b5000 rw-p 00103000 08:03 923506                     /lib/x86_64-linux-gnu/libm-2.17.so
7f4e6a1b5000-7f4e6a29b000 r-xp 00000000 08:03 133467                     /usr/lib/x86_64-linux-gnu/libstdc++.so.6.0.18
7f4e6a29b000-7f4e6a49a000 ---p 000e6000 08:03 133467                     /usr/lib/x86_64-linux-gnu/libstdc++.so.6.0.18
7f4e6a49a000-7f4e6a4a2000 r--p 000e5000 08:03 133467                     /usr/lib/x86_64-linux-gnu/libstdc++.so.6.0.18
7f4e6a4a2000-7f4e6a4a4000 rw-p 000ed000 08:03 133467                     /usr/lib/x86_64-linux-gnu/libstdc++.so.6.0.18
7f4e6a4a4000-7f4e6a4b9000 rw-p 00000000 00:00 0 
7f4e6a4b9000-7f4e6aec7000 r-xp 00000000 08:03 265413                     /usr/lib/jvm/java-7-openjdk-amd64/jre/lib/amd64/server/libjvm.so
7f4e6aec7000-7f4e6b0c6000 ---p 00a0e000 08:03 265413                     /usr/lib/jvm/java-7-openjdk-amd64/jre/lib/amd64/server/libjvm.so
7f4e6b0c6000-7f4e6b13f000 r--p 00a0d000 08:03 265413                     /usr/lib/jvm/java-7-openjdk-amd64/jre/lib/amd64/server/libjvm.so
7f4e6b13f000-7f4e6b162000 rw-p 00a86000 08:03 265413                     /usr/lib/jvm/java-7-openjdk-amd64/jre/lib/amd64/server/libjvm.so
7f4e6b162000-7f4e6b18d000 rw-p 00000000 00:00 0 
7f4e6b18d000-7f4e6b1a5000 r-xp 00000000 08:03 923613                     /lib/x86_64-linux-gnu/libz.so.1.2.8
7f4e6b1a5000-7f4e6b3a4000 ---p 00018000 08:03 923613                     /lib/x86_64-linux-gnu/libz.so.1.2.8
7f4e6b3a4000-7f4e6b3a5000 r--p 00017000 08:03 923613                     /lib/x86_64-linux-gnu/libz.so.1.2.8
7f4e6b3a5000-7f4e6b3a6000 rw-p 00018000 08:03 923613                     /lib/x86_64-linux-gnu/libz.so.1.2.8
7f4e6b3a6000-7f4e6b3bd000 r-xp 00000000 08:03 923570                     /lib/x86_64-linux-gnu/libpthread-2.17.so
7f4e6b3bd000-7f4e6b5bd000 ---p 00017000 08:03 923570                     /lib/x86_64-linux-gnu/libpthread-2.17.so
7f4e6b5bd000-7f4e6b5be000 r--p 00017000 08:03 923570                     /lib/x86_64-linux-gnu/libpthread-2.17.so
7f4e6b5be000-7f4e6b5bf000 rw-p 00018000 08:03 923570                     /lib/x86_64-linux-gnu/libpthread-2.17.so
7f4e6b5bf000-7f4e6b5c3000 rw-p 00000000 00:00 0 
7f4e6b5c3000-7f4e6b5c6000 r-xp 00000000 08:03 923470                     /lib/x86_64-linux-gnu/libdl-2.17.so
7f4e6b5c6000-7f4e6b7c5000 ---p 00003000 08:03 923470                     /lib/x86_64-linux-gnu/libdl-2.17.so
7f4e6b7c5000-7f4e6b7c6000 r--p 00002000 08:03 923470                     /lib/x86_64-linux-gnu/libdl-2.17.so
7f4e6b7c6000-7f4e6b7c7000 rw-p 00003000 08:03 923470                     /lib/x86_64-linux-gnu/libdl-2.17.so
7f4e6b7c7000-7f4e6b984000 r-xp 00000000 08:03 923455                     /lib/x86_64-linux-gnu/libc-2.17.so
7f4e6b984000-7f4e6bb84000 ---p 001bd000 08:03 923455                     /lib/x86_64-linux-gnu/libc-2.17.so
7f4e6bb84000-7f4e6bb88000 r--p 001bd000 08:03 923455                     /lib/x86_64-linux-gnu/libc-2.17.so
7f4e6bb88000-7f4e6bb8a000 rw-p 001c1000 08:03 923455                     /lib/x86_64-linux-gnu/libc-2.17.so
7f4e6bb8a000-7f4e6bb8f000 rw-p 00000000 00:00 0 
7f4e6bb8f000-7f4e6bb9c000 r-xp 00000000 08:03 265409                     /usr/lib/jvm/java-7-openjdk-amd64/jre/lib/amd64/jli/libjli.so
7f4e6bb9c000-7f4e6bd9b000 ---p 0000d000 08:03 265409                     /usr/lib/jvm/java-7-openjdk-amd64/jre/lib/amd64/jli/libjli.so
7f4e6bd9b000-7f4e6bd9c000 r--p 0000c000 08:03 265409                     /usr/lib/jvm/java-7-openjdk-amd64/jre/lib/amd64/jli/libjli.so
7f4e6bd9c000-7f4e6bd9d000 rw-p 0000d000 08:03 265409                     /usr/lib/jvm/java-7-openjdk-amd64/jre/lib/amd64/jli/libjli.so
7f4e6bd9d000-7f4e6bdc0000 r-xp 00000000 08:03 923431                     /lib/x86_64-linux-gnu/ld-2.17.so
7f4e6bdd6000-7f4e6bde0000 rw-p 00000000 00:00 0 
7f4e6bde0000-7f4e6be96000 rw-p 00000000 00:00 0 
7f4e6be96000-7f4e6be97000 ---p 00000000 00:00 0 
7f4e6be97000-7f4e6bf9c000 rw-p 00000000 00:00 0 
7f4e6bfb0000-7f4e6bfb3000 rw-p 00000000 00:00 0 
7f4e6bfb3000-7f4e6bfbb000 rw-s 00000000 08:03 956912                     /tmp/hsperfdata_13205014/29394
7f4e6bfbb000-7f4e6bfbc000 rw-p 00000000 00:00 0 
7f4e6bfbc000-7f4e6bfbd000 r--p 00000000 00:00 0 
7f4e6bfbd000-7f4e6bfbf000 rw-p 00000000 00:00 0 
7f4e6bfbf000-7f4e6bfc0000 r--p 00022000 08:03 923431                     /lib/x86_64-linux-gnu/ld-2.17.so
7f4e6bfc0000-7f4e6bfc2000 rw-p 00023000 08:03 923431                     /lib/x86_64-linux-gnu/ld-2.17.so
7fff6e373000-7fff6e376000 ---p 00000000 00:00 0 
7fff6e377000-7fff6e473000 rw-p 00000000 00:00 0                          [stack]
7fff6e4cf000-7fff6e4d1000 r-xp 00000000 00:00 0                          [vdso]
ffffffffff600000-ffffffffff601000 r-xp 00000000 00:00 0                  [vsyscall]

VM Arguments:
jvm_args: -Dfile.encoding=UTF-8 
java_command: trab1.Trab1
Launcher Type: SUN_STANDARD

Environment Variables:
PATH=/usr/local/bin:/usr/bin:/bin:/usr/bin/X11:/usr/games
USERNAME=13205014
SHELL=/bin/bash
DISPLAY=:0

Signal Handlers:
SIGSEGV: [libjvm.so+0x871410], sa_mask[0]=0x7ffbfeff, sa_flags=0x10000004
SIGBUS: [libjvm.so+0x871410], sa_mask[0]=0x7ffbfeff, sa_flags=0x10000004
SIGFPE: [libjvm.so+0x709540], sa_mask[0]=0x7ffbfeff, sa_flags=0x10000004
SIGPIPE: [libjvm.so+0x709540], sa_mask[0]=0x7ffbfeff, sa_flags=0x10000004
SIGXFSZ: [libjvm.so+0x709540], sa_mask[0]=0x7ffbfeff, sa_flags=0x10000004
SIGILL: [libjvm.so+0x709540], sa_mask[0]=0x7ffbfeff, sa_flags=0x10000004
SIGUSR1: SIG_DFL, sa_mask[0]=0x00000000, sa_flags=0x00000000
SIGUSR2: [libjvm.so+0x709270], sa_mask[0]=0x00000004, sa_flags=0x10000004
SIGHUP: SIG_DFL, sa_mask[0]=0x00000000, sa_flags=0x00000000
SIGINT: SIG_DFL, sa_mask[0]=0x00000000, sa_flags=0x00000000
SIGTERM: SIG_DFL, sa_mask[0]=0x00000000, sa_flags=0x00000000
SIGQUIT: SIG_DFL, sa_mask[0]=0x00000000, sa_flags=0x00000000


---------------  S Y S T E M  ---------------

OS:LinuxMint 16 (petra)
uname:Linux 3.11.0-12-generic #19-Ubuntu SMP Wed Oct 9 16:20:46 UTC 2013 x86_64
libc:glibc 2.17 NPTL 2.17 
rlimit: STACK 8192k, CORE 0k, NPROC 28798, NOFILE 4096, AS infinity
load average:284.60 312.70 134.55

/proc/meminfo:
MemTotal:        3715500 kB
MemFree:          112156 kB
Buffers:           52528 kB
Cached:           338828 kB
SwapCached:            0 kB
Active:          2413216 kB
Inactive:         475452 kB
Active(anon):    2297548 kB
Inactive(anon):   364660 kB
Active(file):     115668 kB
Inactive(file):   110792 kB
Unevictable:           4 kB
Mlocked:               4 kB
SwapTotal:       3663868 kB
SwapFree:        3663528 kB
Dirty:               140 kB
Writeback:             0 kB
AnonPages:       2497360 kB
Mapped:           182036 kB
Shmem:            164892 kB
Slab:             354404 kB
SReclaimable:     110788 kB
SUnreclaim:       243616 kB
KernelStack:      233528 kB
PageTables:        82432 kB
NFS_Unstable:          0 kB
Bounce:                0 kB
WritebackTmp:          0 kB
CommitLimit:     5521616 kB
Committed_AS:   34085760 kB
VmallocTotal:   34359738367 kB
VmallocUsed:      544432 kB
VmallocChunk:   34359190104 kB
HardwareCorrupted:     0 kB
AnonHugePages:         0 kB
HugePages_Total:       0
HugePages_Free:        0
HugePages_Rsvd:        0
HugePages_Surp:        0
Hugepagesize:       2048 kB
DirectMap4k:       78620 kB
DirectMap2M:     3778560 kB


CPU:total 4 (2 cores per cpu, 2 threads per core) family 6 model 37 stepping 5, cmov, cx8, fxsr, mmx, sse, sse2, sse3, ssse3, sse4.1, sse4.2, popcnt, ht, tsc, tscinvbit

/proc/cpuinfo:
processor	: 0
vendor_id	: GenuineIntel
cpu family	: 6
model		: 37
model name	: Intel(R) Core(TM) i5 CPU         650  @ 3.20GHz
stepping	: 5
microcode	: 0x2
cpu MHz		: 1197.000
cache size	: 4096 KB
physical id	: 0
siblings	: 4
core id		: 0
cpu cores	: 2
apicid		: 0
initial apicid	: 0
fpu		: yes
fpu_exception	: yes
cpuid level	: 11
wp		: yes
flags		: fpu vme de pse tsc msr pae mce cx8 apic sep mtrr pge mca cmov pat pse36 clflush dts acpi mmx fxsr sse sse2 ss ht tm pbe syscall nx rdtscp lm constant_tsc arch_perfmon pebs bts rep_good nopl xtopology nonstop_tsc aperfmperf pni pclmulqdq dtes64 monitor ds_cpl vmx smx est tm2 ssse3 cx16 xtpr pdcm pcid sse4_1 sse4_2 popcnt aes lahf_lm ida arat dtherm tpr_shadow vnmi flexpriority ept vpid
bogomips	: 6384.59
clflush size	: 64
cache_alignment	: 64
address sizes	: 36 bits physical, 48 bits virtual
power management:

processor	: 1
vendor_id	: GenuineIntel
cpu family	: 6
model		: 37
model name	: Intel(R) Core(TM) i5 CPU         650  @ 3.20GHz
stepping	: 5
microcode	: 0x2
cpu MHz		: 1197.000
cache size	: 4096 KB
physical id	: 0
siblings	: 4
core id		: 2
cpu cores	: 2
apicid		: 4
initial apicid	: 4
fpu		: yes
fpu_exception	: yes
cpuid level	: 11
wp		: yes
flags		: fpu vme de pse tsc msr pae mce cx8 apic sep mtrr pge mca cmov pat pse36 clflush dts acpi mmx fxsr sse sse2 ss ht tm pbe syscall nx rdtscp lm constant_tsc arch_perfmon pebs bts rep_good nopl xtopology nonstop_tsc aperfmperf pni pclmulqdq dtes64 monitor ds_cpl vmx smx est tm2 ssse3 cx16 xtpr pdcm pcid sse4_1 sse4_2 popcnt aes lahf_lm ida arat dtherm tpr_shadow vnmi flexpriority ept vpid
bogomips	: 6384.59
clflush size	: 64
cache_alignment	: 64
address sizes	: 36 bits physical, 48 bits virtual
power management:

processor	: 2
vendor_id	: GenuineIntel
cpu family	: 6
model		: 37
model name	: Intel(R) Core(TM) i5 CPU         650  @ 3.20GHz
stepping	: 5
microcode	: 0x2
cpu MHz		: 1197.000
cache size	: 4096 KB
physical id	: 0
siblings	: 4
core id		: 0
cpu cores	: 2
apicid		: 1
initial apicid	: 1
fpu		: yes
fpu_exception	: yes
cpuid level	: 11
wp		: yes
flags		: fpu vme de pse tsc msr pae mce cx8 apic sep mtrr pge mca cmov pat pse36 clflush dts acpi mmx fxsr sse sse2 ss ht tm pbe syscall nx rdtscp lm constant_tsc arch_perfmon pebs bts rep_good nopl xtopology nonstop_tsc aperfmperf pni pclmulqdq dtes64 monitor ds_cpl vmx smx est tm2 ssse3 cx16 xtpr pdcm pcid sse4_1 sse4_2 popcnt aes lahf_lm ida arat dtherm tpr_shadow vnmi flexpriority ept vpid
bogomips	: 6384.59
clflush size	: 64
cache_alignment	: 64
address sizes	: 36 bits physical, 48 bits virtual
power management:

processor	: 3
vendor_id	: GenuineIntel
cpu family	: 6
model		: 37
model name	: Intel(R) Core(TM) i5 CPU         650  @ 3.20GHz
stepping	: 5
microcode	: 0x2
cpu MHz		: 1197.000
cache size	: 4096 KB
physical id	: 0
siblings	: 4
core id		: 2
cpu cores	: 2
apicid		: 5
initial apicid	: 5
fpu		: yes
fpu_exception	: yes
cpuid level	: 11
wp		: yes
flags		: fpu vme de pse tsc msr pae mce cx8 apic sep mtrr pge mca cmov pat pse36 clflush dts acpi mmx fxsr sse sse2 ss ht tm pbe syscall nx rdtscp lm constant_tsc arch_perfmon pebs bts rep_good nopl xtopology nonstop_tsc aperfmperf pni pclmulqdq dtes64 monitor ds_cpl vmx smx est tm2 ssse3 cx16 xtpr pdcm pcid sse4_1 sse4_2 popcnt aes lahf_lm ida arat dtherm tpr_shadow vnmi flexpriority ept vpid
bogomips	: 6384.59
clflush size	: 64
cache_alignment	: 64
address sizes	: 36 bits physical, 48 bits virtual
power management:



Memory: 4k page, physical 3715500k(112004k free), swap 3663868k(3663528k free)

vm_info: OpenJDK 64-Bit Server VM (23.7-b01) for linux-amd64 JRE (1.7.0_25-b30), built on Oct 11 2013 18:04:12 by "buildd" with gcc 4.8.1

time: Thu Sep 25 21:25:23 2014
elapsed time: 0 seconds

