#
# There is insufficient memory for the Java Runtime Environment to continue.
# Cannot create GC thread. Out of system resources.
# Possible reasons:
#   The system is out of physical RAM or swap space
#   In 32 bit mode, the process size limit was hit
# Possible solutions:
#   Reduce memory load on the system
#   Increase physical memory or swap space
#   Check if swap backing store is full
#   Use 64 bit Java on a 64 bit OS
#   Decrease Java heap size (-Xmx/-Xms)
#   Decrease number of Java threads
#   Decrease Java thread stack sizes (-Xss)
#   Set larger code cache with -XX:ReservedCodeCacheSize=
# This output file may be truncated or incomplete.
#
#  Out of Memory Error (gcTaskThread.cpp:46), pid=29399, tid=140549291755328
#
# JRE version: 7.0_25-b30
# Java VM: OpenJDK 64-Bit Server VM (23.7-b01 mixed mode linux-amd64 compressed oops)
# Failed to write core dump. Core dumps have been disabled. To enable core dumping, try "ulimit -c unlimited" before starting Java again
#

---------------  T H R E A D  ---------------

Current thread (0x0000000000cfc000):  JavaThread "Unknown thread" [_thread_in_vm, id=29399, stack(0x00007fffd3bc5000,0x00007fffd3cc5000)]

Stack: [0x00007fffd3bc5000,0x00007fffd3cc5000],  sp=0x00007fffd3cbdd20,  free space=995k
Native frames: (J=compiled Java code, j=interpreted, Vv=VM code, C=native code)
V  [libjvm.so+0x87092b]  VMError::report_and_die()+0x16b
V  [libjvm.so+0x3edc34]  report_vm_out_of_memory(char const*, int, unsigned long, char const*)+0x74
V  [libjvm.so+0x495f5a]  GCTaskThread::GCTaskThread(GCTaskManager*, unsigned int, unsigned int)+0xda
V  [libjvm.so+0x4957cd]  GCTaskManager::initialize()+0x25d
V  [libjvm.so+0x72a045]  ParallelScavengeHeap::initialize()+0x735
V  [libjvm.so+0x846865]  Universe::initialize_heap()+0xc5
V  [libjvm.so+0x846b7f]  universe_init()+0x6f
V  [libjvm.so+0x4e5625]  init_globals()+0x55
V  [libjvm.so+0x82d702]  Threads::create_vm(JavaVMInitArgs*, bool*)+0x3a2
V  [libjvm.so+0x54e7fd]  JNI_CreateJavaVM+0x4d
C  [libjli.so+0x2b18]  __strcat_chk+0x2b18
C  [libjli.so+0x9829]  JLI_GetStdArgc+0xdd9
C  [libjli.so+0x44c7]  __strcat_chk+0x44c7
C  [libjli.so+0x5014]  JLI_Launch+0xa04
C  [java+0x695]  __libc_start_main+0x695


---------------  P R O C E S S  ---------------

Java Threads: ( => current thread )

Other Threads:

=>0x0000000000cfc000 (exited) JavaThread "Unknown thread" [_thread_in_vm, id=29399, stack(0x00007fffd3bc5000,0x00007fffd3cc5000)]

VM state:not at safepoint (not fully initialized)

VM Mutex/Monitor currently owned by a thread: None

GC Heap History (0 events):
No events

Deoptimization events (0 events):
No events

Internal exceptions (0 events):
No events

Events (0 events):
No events


Dynamic libraries:
00400000-00401000 r-xp 00000000 08:03 265320                             /usr/lib/jvm/java-7-openjdk-amd64/jre/bin/java
00600000-00601000 r--p 00000000 08:03 265320                             /usr/lib/jvm/java-7-openjdk-amd64/jre/bin/java
00601000-00602000 rw-p 00001000 08:03 265320                             /usr/lib/jvm/java-7-openjdk-amd64/jre/bin/java
00cec000-00d2f000 rw-p 00000000 00:00 0                                  [heap]
bce00000-be2c0000 rw-p 00000000 00:00 0 
be2c0000-c7400000 rw-p 00000000 00:00 0 
c7400000-c99e0000 rw-p 00000000 00:00 0 
c99e0000-ed160000 rw-p 00000000 00:00 0 
ed160000-ee440000 rw-p 00000000 00:00 0 
ee440000-100000000 rw-p 00000000 00:00 0 
7fd42773b000-7fd42793f000 rw-p 00000000 00:00 0 
7fd42793f000-7fd427987000 rw-p 00000000 00:00 0 
7fd427987000-7fd42799a000 rw-p 00000000 00:00 0 
7fd42799a000-7fd427ab6000 rw-p 00000000 00:00 0 
7fd427ab6000-7fd427ac1000 rw-p 00000000 00:00 0 
7fd427ac1000-7fd427b09000 rw-p 00000000 00:00 0 
7fd427b09000-7fd427b1c000 rw-p 00000000 00:00 0 
7fd427b1c000-7fd427c37000 rw-p 00000000 00:00 0 
7fd427c37000-7fd427c42000 rw-p 00000000 00:00 0 
7fd427c42000-7fd427ccf000 rw-p 00000000 00:00 0 
7fd427ccf000-7fd427cd0000 rw-p 00000000 00:00 0 
7fd427cd0000-7fd427f40000 rwxp 00000000 00:00 0 
7fd427f40000-7fd42acd0000 rw-p 00000000 00:00 0 
7fd42acd0000-7fd42acd8000 r-xp 00000000 08:03 265406                     /usr/lib/jvm/java-7-openjdk-amd64/jre/lib/amd64/libzip.so
7fd42acd8000-7fd42aed7000 ---p 00008000 08:03 265406                     /usr/lib/jvm/java-7-openjdk-amd64/jre/lib/amd64/libzip.so
7fd42aed7000-7fd42aed8000 r--p 00007000 08:03 265406                     /usr/lib/jvm/java-7-openjdk-amd64/jre/lib/amd64/libzip.so
7fd42aed8000-7fd42aed9000 rw-p 00008000 08:03 265406                     /usr/lib/jvm/java-7-openjdk-amd64/jre/lib/amd64/libzip.so
7fd42aed9000-7fd42aedc000 r-xp 00000000 08:03 1972332                    /opt/pbis/lib/libuuid.so.0.0.0
7fd42aedc000-7fd42afdb000 ---p 00003000 08:03 1972332                    /opt/pbis/lib/libuuid.so.0.0.0
7fd42afdb000-7fd42afdc000 rw-p 00002000 08:03 1972332                    /opt/pbis/lib/libuuid.so.0.0.0
7fd42afdc000-7fd42b068000 r-xp 00000000 08:03 1972328                    /opt/pbis/lib/liblwbase_nothr.so.0.0.0
7fd42b068000-7fd42b167000 ---p 0008c000 08:03 1972328                    /opt/pbis/lib/liblwbase_nothr.so.0.0.0
7fd42b167000-7fd42b193000 rw-p 0008b000 08:03 1972328                    /opt/pbis/lib/liblwbase_nothr.so.0.0.0
7fd42b193000-7fd42b195000 rw-p 00000000 00:00 0 
7fd42b195000-7fd42b1ba000 r-xp 00000000 08:03 1972356                    /opt/pbis/lib/liblsacommon.so.0.0.0
7fd42b1ba000-7fd42b2ba000 ---p 00025000 08:03 1972356                    /opt/pbis/lib/liblsacommon.so.0.0.0
7fd42b2ba000-7fd42b2c6000 rw-p 00025000 08:03 1972356                    /opt/pbis/lib/liblsacommon.so.0.0.0
7fd42b2c6000-7fd42b2ef000 r-xp 00000000 08:03 1972363                    /opt/pbis/lib/liblwadvapi_nothr.so.0.0.0
7fd42b2ef000-7fd42b3ef000 ---p 00029000 08:03 1972363                    /opt/pbis/lib/liblwadvapi_nothr.so.0.0.0
7fd42b3ef000-7fd42b3f7000 rw-p 00029000 08:03 1972363                    /opt/pbis/lib/liblwadvapi_nothr.so.0.0.0
7fd42b3f7000-7fd42b415000 r-xp 00000000 08:03 1972324                    /opt/pbis/lib/liblwmsg_nothr.so.0.0.0
7fd42b415000-7fd42b514000 ---p 0001e000 08:03 1972324                    /opt/pbis/lib/liblwmsg_nothr.so.0.0.0
7fd42b514000-7fd42b517000 rw-p 0001d000 08:03 1972324                    /opt/pbis/lib/liblwmsg_nothr.so.0.0.0
7fd42b517000-7fd42b51a000 r-xp 00000000 08:03 1972299                    /opt/pbis/lib/liblsaauth.so.0.0.0
7fd42b51a000-7fd42b619000 ---p 00003000 08:03 1972299                    /opt/pbis/lib/liblsaauth.so.0.0.0
7fd42b619000-7fd42b61a000 rw-p 00002000 08:03 1972299                    /opt/pbis/lib/liblsaauth.so.0.0.0
7fd42b61a000-7fd42b636000 r-xp 00000000 08:03 1972369                    /opt/pbis/lib/liblsaclient.so.0.0.0
7fd42b636000-7fd42b736000 ---p 0001c000 08:03 1972369                    /opt/pbis/lib/liblsaclient.so.0.0.0
7fd42b736000-7fd42b737000 rw-p 0001c000 08:03 1972369                    /opt/pbis/lib/liblsaclient.so.0.0.0
7fd42b737000-7fd42b73c000 r-xp 00000000 08:03 949762                     /lib/libnss_lsass.so.2
7fd42b73c000-7fd42b83c000 ---p 00005000 08:03 949762                     /lib/libnss_lsass.so.2
7fd42b83c000-7fd42b83d000 rw-p 00005000 08:03 949762                     /lib/libnss_lsass.so.2
7fd42b83d000-7fd42b849000 r-xp 00000000 08:03 923531                     /lib/x86_64-linux-gnu/libnss_files-2.17.so
7fd42b849000-7fd42ba48000 ---p 0000c000 08:03 923531                     /lib/x86_64-linux-gnu/libnss_files-2.17.so
7fd42ba48000-7fd42ba49000 r--p 0000b000 08:03 923531                     /lib/x86_64-linux-gnu/libnss_files-2.17.so
7fd42ba49000-7fd42ba4a000 rw-p 0000c000 08:03 923531                     /lib/x86_64-linux-gnu/libnss_files-2.17.so
7fd42ba4a000-7fd42ba55000 r-xp 00000000 08:03 923535                     /lib/x86_64-linux-gnu/libnss_nis-2.17.so
7fd42ba55000-7fd42bc54000 ---p 0000b000 08:03 923535                     /lib/x86_64-linux-gnu/libnss_nis-2.17.so
7fd42bc54000-7fd42bc55000 r--p 0000a000 08:03 923535                     /lib/x86_64-linux-gnu/libnss_nis-2.17.so
7fd42bc55000-7fd42bc56000 rw-p 0000b000 08:03 923535                     /lib/x86_64-linux-gnu/libnss_nis-2.17.so
7fd42bc56000-7fd42bc6d000 r-xp 00000000 08:03 923525                     /lib/x86_64-linux-gnu/libnsl-2.17.so
7fd42bc6d000-7fd42be6c000 ---p 00017000 08:03 923525                     /lib/x86_64-linux-gnu/libnsl-2.17.so
7fd42be6c000-7fd42be6d000 r--p 00016000 08:03 923525                     /lib/x86_64-linux-gnu/libnsl-2.17.so
7fd42be6d000-7fd42be6e000 rw-p 00017000 08:03 923525                     /lib/x86_64-linux-gnu/libnsl-2.17.so
7fd42be6e000-7fd42be70000 rw-p 00000000 00:00 0 
7fd42be70000-7fd42be78000 r-xp 00000000 08:03 923527                     /lib/x86_64-linux-gnu/libnss_compat-2.17.so
7fd42be78000-7fd42c077000 ---p 00008000 08:03 923527                     /lib/x86_64-linux-gnu/libnss_compat-2.17.so
7fd42c077000-7fd42c078000 r--p 00007000 08:03 923527                     /lib/x86_64-linux-gnu/libnss_compat-2.17.so
7fd42c078000-7fd42c079000 rw-p 00008000 08:03 923527                     /lib/x86_64-linux-gnu/libnss_compat-2.17.so
7fd42c079000-7fd42c0a4000 r-xp 00000000 08:03 265384                     /usr/lib/jvm/java-7-openjdk-amd64/jre/lib/amd64/libjava.so
7fd42c0a4000-7fd42c2a3000 ---p 0002b000 08:03 265384                     /usr/lib/jvm/java-7-openjdk-amd64/jre/lib/amd64/libjava.so
7fd42c2a3000-7fd42c2a4000 r--p 0002a000 08:03 265384                     /usr/lib/jvm/java-7-openjdk-amd64/jre/lib/amd64/libjava.so
7fd42c2a4000-7fd42c2a6000 rw-p 0002b000 08:03 265384                     /usr/lib/jvm/java-7-openjdk-amd64/jre/lib/amd64/libjava.so
7fd42c2a6000-7fd42c2b6000 r-xp 00000000 08:03 265405                     /usr/lib/jvm/java-7-openjdk-amd64/jre/lib/amd64/libverify.so
7fd42c2b6000-7fd42c4b5000 ---p 00010000 08:03 265405                     /usr/lib/jvm/java-7-openjdk-amd64/jre/lib/amd64/libverify.so
7fd42c4b5000-7fd42c4b7000 r--p 0000f000 08:03 265405                     /usr/lib/jvm/java-7-openjdk-amd64/jre/lib/amd64/libverify.so
7fd42c4b7000-7fd42c4b8000 rw-p 00011000 08:03 265405                     /usr/lib/jvm/java-7-openjdk-amd64/jre/lib/amd64/libverify.so
7fd42c4b8000-7fd42c4bf000 r-xp 00000000 08:03 923578                     /lib/x86_64-linux-gnu/librt-2.17.so
7fd42c4bf000-7fd42c6be000 ---p 00007000 08:03 923578                     /lib/x86_64-linux-gnu/librt-2.17.so
7fd42c6be000-7fd42c6bf000 r--p 00006000 08:03 923578                     /lib/x86_64-linux-gnu/librt-2.17.so
7fd42c6bf000-7fd42c6c0000 rw-p 00007000 08:03 923578                     /lib/x86_64-linux-gnu/librt-2.17.so
7fd42c6c0000-7fd42c6d5000 r-xp 00000000 08:03 950070                     /lib/x86_64-linux-gnu/libgcc_s.so.1
7fd42c6d5000-7fd42c8d4000 ---p 00015000 08:03 950070                     /lib/x86_64-linux-gnu/libgcc_s.so.1
7fd42c8d4000-7fd42c8d5000 r--p 00014000 08:03 950070                     /lib/x86_64-linux-gnu/libgcc_s.so.1
7fd42c8d5000-7fd42c8d6000 rw-p 00015000 08:03 950070                     /lib/x86_64-linux-gnu/libgcc_s.so.1
7fd42c8d6000-7fd42c9d9000 r-xp 00000000 08:03 923506                     /lib/x86_64-linux-gnu/libm-2.17.so
7fd42c9d9000-7fd42cbd8000 ---p 00103000 08:03 923506                     /lib/x86_64-linux-gnu/libm-2.17.so
7fd42cbd8000-7fd42cbd9000 r--p 00102000 08:03 923506                     /lib/x86_64-linux-gnu/libm-2.17.so
7fd42cbd9000-7fd42cbda000 rw-p 00103000 08:03 923506                     /lib/x86_64-linux-gnu/libm-2.17.so
7fd42cbda000-7fd42ccc0000 r-xp 00000000 08:03 133467                     /usr/lib/x86_64-linux-gnu/libstdc++.so.6.0.18
7fd42ccc0000-7fd42cebf000 ---p 000e6000 08:03 133467                     /usr/lib/x86_64-linux-gnu/libstdc++.so.6.0.18
7fd42cebf000-7fd42cec7000 r--p 000e5000 08:03 133467                     /usr/lib/x86_64-linux-gnu/libstdc++.so.6.0.18
7fd42cec7000-7fd42cec9000 rw-p 000ed000 08:03 133467                     /usr/lib/x86_64-linux-gnu/libstdc++.so.6.0.18
7fd42cec9000-7fd42cede000 rw-p 00000000 00:00 0 
7fd42cede000-7fd42d8ec000 r-xp 00000000 08:03 265413                     /usr/lib/jvm/java-7-openjdk-amd64/jre/lib/amd64/server/libjvm.so
7fd42d8ec000-7fd42daeb000 ---p 00a0e000 08:03 265413                     /usr/lib/jvm/java-7-openjdk-amd64/jre/lib/amd64/server/libjvm.so
7fd42daeb000-7fd42db64000 r--p 00a0d000 08:03 265413                     /usr/lib/jvm/java-7-openjdk-amd64/jre/lib/amd64/server/libjvm.so
7fd42db64000-7fd42db87000 rw-p 00a86000 08:03 265413                     /usr/lib/jvm/java-7-openjdk-amd64/jre/lib/amd64/server/libjvm.so
7fd42db87000-7fd42dbb2000 rw-p 00000000 00:00 0 
7fd42dbb2000-7fd42dbca000 r-xp 00000000 08:03 923613                     /lib/x86_64-linux-gnu/libz.so.1.2.8
7fd42dbca000-7fd42ddc9000 ---p 00018000 08:03 923613                     /lib/x86_64-linux-gnu/libz.so.1.2.8
7fd42ddc9000-7fd42ddca000 r--p 00017000 08:03 923613                     /lib/x86_64-linux-gnu/libz.so.1.2.8
7fd42ddca000-7fd42ddcb000 rw-p 00018000 08:03 923613                     /lib/x86_64-linux-gnu/libz.so.1.2.8
7fd42ddcb000-7fd42dde2000 r-xp 00000000 08:03 923570                     /lib/x86_64-linux-gnu/libpthread-2.17.so
7fd42dde2000-7fd42dfe2000 ---p 00017000 08:03 923570                     /lib/x86_64-linux-gnu/libpthread-2.17.so
7fd42dfe2000-7fd42dfe3000 r--p 00017000 08:03 923570                     /lib/x86_64-linux-gnu/libpthread-2.17.so
7fd42dfe3000-7fd42dfe4000 rw-p 00018000 08:03 923570                     /lib/x86_64-linux-gnu/libpthread-2.17.so
7fd42dfe4000-7fd42dfe8000 rw-p 00000000 00:00 0 
7fd42dfe8000-7fd42dfeb000 r-xp 00000000 08:03 923470                     /lib/x86_64-linux-gnu/libdl-2.17.so
7fd42dfeb000-7fd42e1ea000 ---p 00003000 08:03 923470                     /lib/x86_64-linux-gnu/libdl-2.17.so
7fd42e1ea000-7fd42e1eb000 r--p 00002000 08:03 923470                     /lib/x86_64-linux-gnu/libdl-2.17.so
7fd42e1eb000-7fd42e1ec000 rw-p 00003000 08:03 923470                     /lib/x86_64-linux-gnu/libdl-2.17.so
7fd42e1ec000-7fd42e3a9000 r-xp 00000000 08:03 923455                     /lib/x86_64-linux-gnu/libc-2.17.so
7fd42e3a9000-7fd42e5a9000 ---p 001bd000 08:03 923455                     /lib/x86_64-linux-gnu/libc-2.17.so
7fd42e5a9000-7fd42e5ad000 r--p 001bd000 08:03 923455                     /lib/x86_64-linux-gnu/libc-2.17.so
7fd42e5ad000-7fd42e5af000 rw-p 001c1000 08:03 923455                     /lib/x86_64-linux-gnu/libc-2.17.so
7fd42e5af000-7fd42e5b4000 rw-p 00000000 00:00 0 
7fd42e5b4000-7fd42e5c1000 r-xp 00000000 08:03 265409                     /usr/lib/jvm/java-7-openjdk-amd64/jre/lib/amd64/jli/libjli.so
7fd42e5c1000-7fd42e7c0000 ---p 0000d000 08:03 265409                     /usr/lib/jvm/java-7-openjdk-amd64/jre/lib/amd64/jli/libjli.so
7fd42e7c0000-7fd42e7c1000 r--p 0000c000 08:03 265409                     /usr/lib/jvm/java-7-openjdk-amd64/jre/lib/amd64/jli/libjli.so
7fd42e7c1000-7fd42e7c2000 rw-p 0000d000 08:03 265409                     /usr/lib/jvm/java-7-openjdk-amd64/jre/lib/amd64/jli/libjli.so
7fd42e7c2000-7fd42e7e5000 r-xp 00000000 08:03 923431                     /lib/x86_64-linux-gnu/ld-2.17.so
7fd42e7fb000-7fd42e805000 rw-p 00000000 00:00 0 
7fd42e805000-7fd42e8bb000 rw-p 00000000 00:00 0 
7fd42e8bb000-7fd42e8bc000 ---p 00000000 00:00 0 
7fd42e8bc000-7fd42e9c1000 rw-p 00000000 00:00 0 
7fd42e9d5000-7fd42e9d8000 rw-p 00000000 00:00 0 
7fd42e9d8000-7fd42e9e0000 rw-s 00000000 08:03 956912                     /tmp/hsperfdata_13205014/29399
7fd42e9e0000-7fd42e9e1000 rw-p 00000000 00:00 0 
7fd42e9e1000-7fd42e9e2000 r--p 00000000 00:00 0 
7fd42e9e2000-7fd42e9e4000 rw-p 00000000 00:00 0 
7fd42e9e4000-7fd42e9e5000 r--p 00022000 08:03 923431                     /lib/x86_64-linux-gnu/ld-2.17.so
7fd42e9e5000-7fd42e9e7000 rw-p 00023000 08:03 923431                     /lib/x86_64-linux-gnu/ld-2.17.so
7fffd3bc5000-7fffd3bc8000 ---p 00000000 00:00 0 
7fffd3bc9000-7fffd3cc5000 rw-p 00000000 00:00 0                          [stack]
7fffd3ce3000-7fffd3ce5000 r-xp 00000000 00:00 0                          [vdso]
ffffffffff600000-ffffffffff601000 r-xp 00000000 00:00 0                  [vsyscall]

VM Arguments:
jvm_args: -Dfile.encoding=UTF-8 
java_command: trab1.Trab1
Launcher Type: SUN_STANDARD

Environment Variables:
PATH=/usr/local/bin:/usr/bin:/bin:/usr/bin/X11:/usr/games
USERNAME=13205014
SHELL=/bin/bash
DISPLAY=:0

Signal Handlers:
SIGSEGV: [libjvm.so+0x871410], sa_mask[0]=0x7ffbfeff, sa_flags=0x10000004
SIGBUS: [libjvm.so+0x871410], sa_mask[0]=0x7ffbfeff, sa_flags=0x10000004
SIGFPE: [libjvm.so+0x709540], sa_mask[0]=0x7ffbfeff, sa_flags=0x10000004
SIGPIPE: [libjvm.so+0x709540], sa_mask[0]=0x7ffbfeff, sa_flags=0x10000004
SIGXFSZ: [libjvm.so+0x709540], sa_mask[0]=0x7ffbfeff, sa_flags=0x10000004
SIGILL: [libjvm.so+0x709540], sa_mask[0]=0x7ffbfeff, sa_flags=0x10000004
SIGUSR1: SIG_DFL, sa_mask[0]=0x00000000, sa_flags=0x00000000
SIGUSR2: [libjvm.so+0x709270], sa_mask[0]=0x00000004, sa_flags=0x10000004
SIGHUP: SIG_DFL, sa_mask[0]=0x00000000, sa_flags=0x00000000
SIGINT: SIG_DFL, sa_mask[0]=0x00000000, sa_flags=0x00000000
SIGTERM: SIG_DFL, sa_mask[0]=0x00000000, sa_flags=0x00000000
SIGQUIT: SIG_DFL, sa_mask[0]=0x00000000, sa_flags=0x00000000


---------------  S Y S T E M  ---------------

OS:LinuxMint 16 (petra)
uname:Linux 3.11.0-12-generic #19-Ubuntu SMP Wed Oct 9 16:20:46 UTC 2013 x86_64
libc:glibc 2.17 NPTL 2.17 
rlimit: STACK 8192k, CORE 0k, NPROC 28798, NOFILE 4096, AS infinity
load average:261.81 307.51 133.83

/proc/meminfo:
MemTotal:        3715500 kB
MemFree:          111332 kB
Buffers:           52536 kB
Cached:           339172 kB
SwapCached:            0 kB
Active:          2413260 kB
Inactive:         475788 kB
Active(anon):    2297468 kB
Inactive(anon):   365104 kB
Active(file):     115792 kB
Inactive(file):   110684 kB
Unevictable:           4 kB
Mlocked:               4 kB
SwapTotal:       3663868 kB
SwapFree:        3663528 kB
Dirty:                 8 kB
Writeback:           124 kB
AnonPages:       2497308 kB
Mapped:           182032 kB
Shmem:            165232 kB
Slab:             354352 kB
SReclaimable:     110756 kB
SUnreclaim:       243596 kB
KernelStack:      233528 kB
PageTables:        82428 kB
NFS_Unstable:          0 kB
Bounce:                0 kB
WritebackTmp:          0 kB
CommitLimit:     5521616 kB
Committed_AS:   34086972 kB
VmallocTotal:   34359738367 kB
VmallocUsed:      544432 kB
VmallocChunk:   34359190104 kB
HardwareCorrupted:     0 kB
AnonHugePages:         0 kB
HugePages_Total:       0
HugePages_Free:        0
HugePages_Rsvd:        0
HugePages_Surp:        0
Hugepagesize:       2048 kB
DirectMap4k:       78620 kB
DirectMap2M:     3778560 kB


CPU:total 4 (2 cores per cpu, 2 threads per core) family 6 model 37 stepping 5, cmov, cx8, fxsr, mmx, sse, sse2, sse3, ssse3, sse4.1, sse4.2, popcnt, ht, tsc, tscinvbit

/proc/cpuinfo:
processor	: 0
vendor_id	: GenuineIntel
cpu family	: 6
model		: 37
model name	: Intel(R) Core(TM) i5 CPU         650  @ 3.20GHz
stepping	: 5
microcode	: 0x2
cpu MHz		: 1197.000
cache size	: 4096 KB
physical id	: 0
siblings	: 4
core id		: 0
cpu cores	: 2
apicid		: 0
initial apicid	: 0
fpu		: yes
fpu_exception	: yes
cpuid level	: 11
wp		: yes
flags		: fpu vme de pse tsc msr pae mce cx8 apic sep mtrr pge mca cmov pat pse36 clflush dts acpi mmx fxsr sse sse2 ss ht tm pbe syscall nx rdtscp lm constant_tsc arch_perfmon pebs bts rep_good nopl xtopology nonstop_tsc aperfmperf pni pclmulqdq dtes64 monitor ds_cpl vmx smx est tm2 ssse3 cx16 xtpr pdcm pcid sse4_1 sse4_2 popcnt aes lahf_lm ida arat dtherm tpr_shadow vnmi flexpriority ept vpid
bogomips	: 6384.59
clflush size	: 64
cache_alignment	: 64
address sizes	: 36 bits physical, 48 bits virtual
power management:

processor	: 1
vendor_id	: GenuineIntel
cpu family	: 6
model		: 37
model name	: Intel(R) Core(TM) i5 CPU         650  @ 3.20GHz
stepping	: 5
microcode	: 0x2
cpu MHz		: 1197.000
cache size	: 4096 KB
physical id	: 0
siblings	: 4
core id		: 2
cpu cores	: 2
apicid		: 4
initial apicid	: 4
fpu		: yes
fpu_exception	: yes
cpuid level	: 11
wp		: yes
flags		: fpu vme de pse tsc msr pae mce cx8 apic sep mtrr pge mca cmov pat pse36 clflush dts acpi mmx fxsr sse sse2 ss ht tm pbe syscall nx rdtscp lm constant_tsc arch_perfmon pebs bts rep_good nopl xtopology nonstop_tsc aperfmperf pni pclmulqdq dtes64 monitor ds_cpl vmx smx est tm2 ssse3 cx16 xtpr pdcm pcid sse4_1 sse4_2 popcnt aes lahf_lm ida arat dtherm tpr_shadow vnmi flexpriority ept vpid
bogomips	: 6384.59
clflush size	: 64
cache_alignment	: 64
address sizes	: 36 bits physical, 48 bits virtual
power management:

processor	: 2
vendor_id	: GenuineIntel
cpu family	: 6
model		: 37
model name	: Intel(R) Core(TM) i5 CPU         650  @ 3.20GHz
stepping	: 5
microcode	: 0x2
cpu MHz		: 1197.000
cache size	: 4096 KB
physical id	: 0
siblings	: 4
core id		: 0
cpu cores	: 2
apicid		: 1
initial apicid	: 1
fpu		: yes
fpu_exception	: yes
cpuid level	: 11
wp		: yes
flags		: fpu vme de pse tsc msr pae mce cx8 apic sep mtrr pge mca cmov pat pse36 clflush dts acpi mmx fxsr sse sse2 ss ht tm pbe syscall nx rdtscp lm constant_tsc arch_perfmon pebs bts rep_good nopl xtopology nonstop_tsc aperfmperf pni pclmulqdq dtes64 monitor ds_cpl vmx smx est tm2 ssse3 cx16 xtpr pdcm pcid sse4_1 sse4_2 popcnt aes lahf_lm ida arat dtherm tpr_shadow vnmi flexpriority ept vpid
bogomips	: 6384.59
clflush size	: 64
cache_alignment	: 64
address sizes	: 36 bits physical, 48 bits virtual
power management:

processor	: 3
vendor_id	: GenuineIntel
cpu family	: 6
model		: 37
model name	: Intel(R) Core(TM) i5 CPU         650  @ 3.20GHz
stepping	: 5
microcode	: 0x2
cpu MHz		: 3193.000
cache size	: 4096 KB
physical id	: 0
siblings	: 4
core id		: 2
cpu cores	: 2
apicid		: 5
initial apicid	: 5
fpu		: yes
fpu_exception	: yes
cpuid level	: 11
wp		: yes
flags		: fpu vme de pse tsc msr pae mce cx8 apic sep mtrr pge mca cmov pat pse36 clflush dts acpi mmx fxsr sse sse2 ss ht tm pbe syscall nx rdtscp lm constant_tsc arch_perfmon pebs bts rep_good nopl xtopology nonstop_tsc aperfmperf pni pclmulqdq dtes64 monitor ds_cpl vmx smx est tm2 ssse3 cx16 xtpr pdcm pcid sse4_1 sse4_2 popcnt aes lahf_lm ida arat dtherm tpr_shadow vnmi flexpriority ept vpid
bogomips	: 6384.59
clflush size	: 64
cache_alignment	: 64
address sizes	: 36 bits physical, 48 bits virtual
power management:



Memory: 4k page, physical 3715500k(111568k free), swap 3663868k(3663528k free)

vm_info: OpenJDK 64-Bit Server VM (23.7-b01) for linux-amd64 JRE (1.7.0_25-b30), built on Oct 11 2013 18:04:12 by "buildd" with gcc 4.8.1

time: Thu Sep 25 21:25:27 2014
elapsed time: 0 seconds

